# JRE version: 7.0_11-b21
# Java VM: Java HotSpot(TM) 64-Bit Server VM (23.6-b04 mixed mode windows-amd64 compressed oops)
Heap
 PSYoungGen      total 45568K, used 13987K [0x00000000fa000000, 0x00000000fd9a0000, 0x0000000100000000)
  eden space 45056K, 29% used [0x00000000fa000000,0x00000000fad2ce58,0x00000000fcc00000)
  from space 512K, 96% used [0x00000000fcd90000,0x00000000fce0c070,0x00000000fce10000)
  to   space 6976K, 0% used [0x00000000fd2d0000,0x00000000fd2d0000,0x00000000fd9a0000)
 ParOldGen       total 66816K, used 47225K [0x00000000e8000000, 0x00000000ec140000, 0x00000000fa000000)
  object space 66816K, 70% used [0x00000000e8000000,0x00000000eae1e448,0x00000000ec140000)
 PSPermGen       total 87360K, used 56764K [0x00000000e0000000, 0x00000000e5550000, 0x00000000e8000000)
  object space 87360K, 64% used [0x00000000e0000000,0x00000000e376f318,0x00000000e5550000)
GC Heap History (10 events):
Event: 3056.515 GC heap before
{Heap before GC invocations=44 (full 1):
 PSYoungGen      total 57536K, used 57494K [0x00000000fa000000, 0x00000000fe140000, 0x0000000100000000)
  eden space 53952K, 100% used [0x00000000fa000000,0x00000000fd4b0000,0x00000000fd4b0000)
  from space 3584K, 98% used [0x00000000fddc0000,0x00000000fe1359a0,0x00000000fe140000)
  to   space 6400K, 0% used [0x00000000fd4c0000,0x00000000fd4c0000,0x00000000fdb00000)
 ParOldGen       total 66816K, used 44103K [0x00000000e8000000, 0x00000000ec140000, 0x00000000fa000000)
  object space 66816K, 66% used [0x00000000e8000000,0x00000000eab11e30,0x00000000ec140000)
 PSPermGen       total 87360K, used 56756K [0x00000000e0000000, 0x00000000e5550000, 0x00000000e8000000)
  object space 87360K, 64% used [0x00000000e0000000,0x00000000e376d2e8,0x00000000e5550000)
Event: 3056.567 GC heap after
Heap after GC invocations=44 (full 1):
 PSYoungGen      total 54784K, used 2758K [0x00000000fa000000, 0x00000000fdf60000, 0x0000000100000000)
  eden space 51968K, 0% used [0x00000000fa000000,0x00000000fa000000,0x00000000fd2c0000)
  from space 2816K, 97% used [0x00000000fd4c0000,0x00000000fd7719b0,0x00000000fd780000)
  to   space 6464K, 0% used [0x00000000fd910000,0x00000000fd910000,0x00000000fdf60000)
 ParOldGen       total 66816K, used 44895K [0x00000000e8000000, 0x00000000ec140000, 0x00000000fa000000)
  object space 66816K, 67% used [0x00000000e8000000,0x00000000eabd7ec0,0x00000000ec140000)
 PSPermGen       total 87360K, used 56756K [0x00000000e0000000, 0x00000000e5550000, 0x00000000e8000000)
  object space 87360K, 64% used [0x00000000e0000000,0x00000000e376d2e8,0x00000000e5550000)
}
Event: 3264.221 GC heap before
{Heap before GC invocations=45 (full 1):
 PSYoungGen      total 54784K, used 54726K [0x00000000fa000000, 0x00000000fdf60000, 0x0000000100000000)
  eden space 51968K, 100% used [0x00000000fa000000,0x00000000fd2c0000,0x00000000fd2c0000)
  from space 2816K, 97% used [0x00000000fd4c0000,0x00000000fd7719b0,0x00000000fd780000)
  to   space 6464K, 0% used [0x00000000fd910000,0x00000000fd910000,0x00000000fdf60000)
 ParOldGen       total 66816K, used 44895K [0x00000000e8000000, 0x00000000ec140000, 0x00000000fa000000)
  object space 66816K, 67% used [0x00000000e8000000,0x00000000eabd7ec0,0x00000000ec140000)
 PSPermGen       total 87360K, used 56759K [0x00000000e0000000, 0x00000000e5550000, 0x00000000e8000000)
  object space 87360K, 64% used [0x00000000e0000000,0x00000000e376df48,0x00000000e5550000)
Event: 3264.644 GC heap after
Heap after GC invocations=45 (full 1):
 PSYoungGen      total 55104K, used 1846K [0x00000000fa000000, 0x00000000fddf0000, 0x0000000100000000)
  eden space 50112K, 0% used [0x00000000fa000000,0x00000000fa000000,0x00000000fd0f0000)
  from space 4992K, 36% used [0x00000000fd910000,0x00000000fdadd9a0,0x00000000fddf0000)
  to   space 6656K, 0% used [0x00000000fd0f0000,0x00000000fd0f0000,0x00000000fd770000)
 ParOldGen       total 66816K, used 45765K [0x00000000e8000000, 0x00000000ec140000, 0x00000000fa000000)
  object space 66816K, 68% used [0x00000000e8000000,0x00000000eacb16d0,0x00000000ec140000)
 PSPermGen       total 87360K, used 56759K [0x00000000e0000000, 0x00000000e5550000, 0x00000000e8000000)
  object space 87360K, 64% used [0x00000000e0000000,0x00000000e376df48,0x00000000e5550000)
}
Event: 3466.058 GC heap before
{Heap before GC invocations=46 (full 1):
 PSYoungGen      total 55104K, used 51958K [0x00000000fa000000, 0x00000000fddf0000, 0x0000000100000000)
  eden space 50112K, 100% used [0x00000000fa000000,0x00000000fd0f0000,0x00000000fd0f0000)
  from space 4992K, 36% used [0x00000000fd910000,0x00000000fdadd9a0,0x00000000fddf0000)
  to   space 6656K, 0% used [0x00000000fd0f0000,0x00000000fd0f0000,0x00000000fd770000)
 ParOldGen       total 66816K, used 45765K [0x00000000e8000000, 0x00000000ec140000, 0x00000000fa000000)
  object space 66816K, 68% used [0x00000000e8000000,0x00000000eacb16d0,0x00000000ec140000)
 PSPermGen       total 87360K, used 56762K [0x00000000e0000000, 0x00000000e5550000, 0x00000000e8000000)
  object space 87360K, 64% used [0x00000000e0000000,0x00000000e376e860,0x00000000e5550000)
Event: 3466.481 GC heap after
Heap after GC invocations=46 (full 1):
 PSYoungGen      total 50112K, used 1782K [0x00000000fa000000, 0x00000000fdc50000, 0x0000000100000000)
  eden space 48320K, 0% used [0x00000000fa000000,0x00000000fa000000,0x00000000fcf30000)
  from space 1792K, 99% used [0x00000000fd0f0000,0x00000000fd2ad9a0,0x00000000fd2b0000)
  to   space 6720K, 0% used [0x00000000fd5c0000,0x00000000fd5c0000,0x00000000fdc50000)
 ParOldGen       total 66816K, used 45853K [0x00000000e8000000, 0x00000000ec140000, 0x00000000fa000000)
  object space 66816K, 68% used [0x00000000e8000000,0x00000000eacc76d0,0x00000000ec140000)
 PSPermGen       total 87360K, used 56762K [0x00000000e0000000, 0x00000000e5550000, 0x00000000e8000000)
  object space 87360K, 64% used [0x00000000e0000000,0x00000000e376e860,0x00000000e5550000)
}
Event: 3662.401 GC heap before
{Heap before GC invocations=47 (full 1):
 PSYoungGen      total 50112K, used 50102K [0x00000000fa000000, 0x00000000fdc50000, 0x0000000100000000)
  eden space 48320K, 100% used [0x00000000fa000000,0x00000000fcf30000,0x00000000fcf30000)
  from space 1792K, 99% used [0x00000000fd0f0000,0x00000000fd2ad9a0,0x00000000fd2b0000)
  to   space 6720K, 0% used [0x00000000fd5c0000,0x00000000fd5c0000,0x00000000fdc50000)
 ParOldGen       total 66816K, used 45853K [0x00000000e8000000, 0x00000000ec140000, 0x00000000fa000000)
  object space 66816K, 68% used [0x00000000e8000000,0x00000000eacc76d0,0x00000000ec140000)
 PSPermGen       total 87360K, used 56763K [0x00000000e0000000, 0x00000000e5550000, 0x00000000e8000000)
  object space 87360K, 64% used [0x00000000e0000000,0x00000000e376edf8,0x00000000e5550000)
Event: 3662.618 GC heap after
Heap after GC invocations=47 (full 1):
 PSYoungGen      total 51840K, used 1734K [0x00000000fa000000, 0x00000000fdad0000, 0x0000000100000000)
  eden space 46656K, 0% used [0x00000000fa000000,0x00000000fa000000,0x00000000fcd90000)
  from space 5184K, 33% used [0x00000000fd5c0000,0x00000000fd7719b0,0x00000000fdad0000)
  to   space 6784K, 0% used [0x00000000fcd90000,0x00000000fcd90000,0x00000000fd430000)
 ParOldGen       total 66816K, used 45949K [0x00000000e8000000, 0x00000000ec140000, 0x00000000fa000000)
  object space 66816K, 68% used [0x00000000e8000000,0x00000000eacdf6d0,0x00000000ec140000)
 PSPermGen       total 87360K, used 56763K [0x00000000e0000000, 0x00000000e5550000, 0x00000000e8000000)
  object space 87360K, 64% used [0x00000000e0000000,0x00000000e376edf8,0x00000000e5550000)
}
Event: 3846.668 GC heap before
{Heap before GC invocations=48 (full 1):
 PSYoungGen      total 51840K, used 48390K [0x00000000fa000000, 0x00000000fdad0000, 0x0000000100000000)
  eden space 46656K, 100% used [0x00000000fa000000,0x00000000fcd90000,0x00000000fcd90000)
  from space 5184K, 33% used [0x00000000fd5c0000,0x00000000fd7719b0,0x00000000fdad0000)
  to   space 6784K, 0% used [0x00000000fcd90000,0x00000000fcd90000,0x00000000fd430000)
 ParOldGen       total 66816K, used 45949K [0x00000000e8000000, 0x00000000ec140000, 0x00000000fa000000)
  object space 66816K, 68% used [0x00000000e8000000,0x00000000eacdf6d0,0x00000000ec140000)
 PSPermGen       total 87360K, used 56764K [0x00000000e0000000, 0x00000000e5550000, 0x00000000e8000000)
  object space 87360K, 64% used [0x00000000e0000000,0x00000000e376f318,0x00000000e5550000)
Event: 3846.673 GC heap after
Heap after GC invocations=48 (full 1):
 PSYoungGen      total 45568K, used 496K [0x00000000fa000000, 0x00000000fd9a0000, 0x0000000100000000)
  eden space 45056K, 0% used [0x00000000fa000000,0x00000000fa000000,0x00000000fcc00000)
  from space 512K, 96% used [0x00000000fcd90000,0x00000000fce0c070,0x00000000fce10000)
  to   space 6976K, 0% used [0x00000000fd2d0000,0x00000000fd2d0000,0x00000000fd9a0000)
 ParOldGen       total 66816K, used 47225K [0x00000000e8000000, 0x00000000ec140000, 0x00000000fa000000)
  object space 66816K, 70% used [0x00000000e8000000,0x00000000eae1e448,0x00000000ec140000)
 PSPermGen       total 87360K, used 56764K [0x00000000e0000000, 0x00000000e5550000, 0x00000000e8000000)
  object space 87360K, 64% used [0x00000000e0000000,0x00000000e376f318,0x00000000e5550000)
}

